<?xml version="1.0" encoding="UTF-8"?>
<!-- Generated by org.testng.reporters.JUnitReportReporter -->
<testsuite hostname="DESKTOP-EMUU5D0" failures="0" tests="6" name="testPackage.TestClassB_TestNG" time="0.047" errors="0" timestamp="2022-09-07T08:33:14 IST" skipped="0">
  <testcase classname="testPackage.TestClassB_TestNG" name="TestA" time="0.004"/>
  <system-out/>
  <testcase classname="testPackage.TestClassB_TestNG" name="TestC" time="0.020"/>
  <system-out/>
  <testcase classname="testPackage.TestClassB_TestNG" name="TestA" time="0.003"/>
  <system-out/>
  <testcase classname="testPackage.TestClassB_TestNG" name="TestC" time="0.003"/>
  <system-out/>
  <testcase classname="testPackage.TestClassB_TestNG" name="TestB" time="0.005"/>
  <system-out/>
  <testcase classname="testPackage.TestClassB_TestNG" name="TestB" time="0.012"/>
  <system-out/>
</testsuite> <!-- testPackage.TestClassB_TestNG -->
